<?xml version="1.0" encoding="UTF-8"?>
<testng-results skipped="0" failed="0" total="1" passed="1">
  <reporter-output>
  </reporter-output>
  <suite name="Surefire suite" duration-ms="32631" started-at="2019-04-14T13:11:58Z" finished-at="2019-04-14T13:12:31Z">
    <groups>
      <group name="cucumber">
        <method signature="AbstractTestNGCucumberTests.feature(cucumber.api.testng.CucumberFeatureWrapper)[pri:0, instance:runner.TestRunner@4cb2c100]" name="feature" class="cucumber.api.testng.AbstractTestNGCucumberTests"/>
      </group> <!-- cucumber -->
    </groups>
    <test name="Surefire test" duration-ms="32631" started-at="2019-04-14T13:11:58Z" finished-at="2019-04-14T13:12:31Z">
      <class name="runner.TestRunner">
        <test-method status="PASS" signature="setUpClass()[pri:0, instance:runner.TestRunner@4cb2c100]" name="setUpClass" is-config="true" duration-ms="218" started-at="2019-04-14T08:11:58Z" finished-at="2019-04-14T08:11:59Z">
          <reporter-output>
          </reporter-output>
        </test-method> <!-- setUpClass -->
        <test-method status="PASS" signature="feature(cucumber.api.testng.CucumberFeatureWrapper)[pri:0, instance:runner.TestRunner@4cb2c100]" name="feature" duration-ms="32317" started-at="2019-04-14T08:11:59Z" description="Runs Cucumber Feature" data-provider="features" finished-at="2019-04-14T08:12:31Z">
          <params>
            <param index="0">
              <value>
                <![CDATA[Test a Scenario]]>
              </value>
            </param>
          </params>
          <reporter-output>
          </reporter-output>
        </test-method> <!-- feature -->
        <test-method status="PASS" signature="tearDownClass()[pri:0, instance:runner.TestRunner@4cb2c100]" name="tearDownClass" is-config="true" duration-ms="16" started-at="2019-04-14T08:12:31Z" finished-at="2019-04-14T08:12:31Z">
          <reporter-output>
          </reporter-output>
        </test-method> <!-- tearDownClass -->
      </class> <!-- runner.TestRunner -->
    </test> <!-- Surefire test -->
  </suite> <!-- Surefire suite -->
</testng-results>
