<?xml version="1.0" encoding="UTF-8"?>
<testng-results skipped="0" failed="0" total="1" passed="1">
  <reporter-output>
  </reporter-output>
  <suite name="Surefire suite" duration-ms="32669" started-at="2019-04-15T11:16:33Z" finished-at="2019-04-15T11:17:06Z">
    <groups>
      <group name="cucumber">
        <method signature="AbstractTestNGCucumberTests.feature(cucumber.api.testng.CucumberFeatureWrapper)[pri:0, instance:runner.TestRunner@4cb2c100]" name="feature" class="cucumber.api.testng.AbstractTestNGCucumberTests"/>
      </group> <!-- cucumber -->
    </groups>
    <test name="Surefire test" duration-ms="32669" started-at="2019-04-15T11:16:33Z" finished-at="2019-04-15T11:17:06Z">
      <class name="runner.TestRunner">
        <test-method status="PASS" signature="setUpClass()[pri:0, instance:runner.TestRunner@4cb2c100]" name="setUpClass" is-config="true" duration-ms="221" started-at="2019-04-15T06:16:33Z" finished-at="2019-04-15T06:16:33Z">
          <reporter-output>
          </reporter-output>
        </test-method> <!-- setUpClass -->
        <test-method status="PASS" signature="feature(cucumber.api.testng.CucumberFeatureWrapper)[pri:0, instance:runner.TestRunner@4cb2c100]" name="feature" duration-ms="32343" started-at="2019-04-15T06:16:33Z" description="Runs Cucumber Feature" data-provider="features" finished-at="2019-04-15T06:17:06Z">
          <params>
            <param index="0">
              <value>
                <![CDATA[Test a Scenario]]>
              </value>
            </param>
          </params>
          <reporter-output>
          </reporter-output>
        </test-method> <!-- feature -->
        <test-method status="PASS" signature="tearDownClass()[pri:0, instance:runner.TestRunner@4cb2c100]" name="tearDownClass" is-config="true" duration-ms="14" started-at="2019-04-15T06:17:06Z" finished-at="2019-04-15T06:17:06Z">
          <reporter-output>
          </reporter-output>
        </test-method> <!-- tearDownClass -->
      </class> <!-- runner.TestRunner -->
    </test> <!-- Surefire test -->
  </suite> <!-- Surefire suite -->
</testng-results>
